{"C:\\Users\\kevinlopez\\Documents\\Solutions\\frontend\\src\\App.jsx": {"path":"C:\\Users\\kevinlopez\\Documents\\Solutions\\frontend\\src\\App.jsx","statementMap":{"0":{"start":{"line":11,"column":2},"end":{"line":20,"column":null}},"1":{"start":{"line":25,"column":19},"end":{"line":25,"column":null}},"2":{"start":{"line":26,"column":24},"end":{"line":26,"column":null}},"3":{"start":{"line":27,"column":26},"end":{"line":27,"column":null}},"4":{"start":{"line":29,"column":8},"end":{"line":32,"column":null}},"5":{"start":{"line":30,"column":4},"end":{"line":30,"column":null}},"6":{"start":{"line":31,"column":4},"end":{"line":31,"column":null}},"7":{"start":{"line":34,"column":8},"end":{"line":38,"column":null}},"8":{"start":{"line":35,"column":4},"end":{"line":35,"column":null}},"9":{"start":{"line":36,"column":4},"end":{"line":36,"column":null}},"10":{"start":{"line":37,"column":4},"end":{"line":37,"column":null}},"11":{"start":{"line":40,"column":2},"end":{"line":64,"column":null}},"12":{"start":{"line":43,"column":33},"end":{"line":43,"column":70}},"13":{"start":{"line":43,"column":58},"end":{"line":43,"column":66}},"14":{"start":{"line":46,"column":24},"end":{"line":46,"column":null}},"15":{"start":{"line":46,"column":49},"end":{"line":46,"column":57}},"16":{"start":{"line":58,"column":32},"end":{"line":58,"column":null}}},"fnMap":{"0":{"name":"CronogramaPage","decl":{"start":{"line":10,"column":9},"end":{"line":10,"column":26}},"loc":{"start":{"line":10,"column":26},"end":{"line":22,"column":null}},"line":10},"1":{"name":"App","decl":{"start":{"line":24,"column":24},"end":{"line":24,"column":30}},"loc":{"start":{"line":24,"column":30},"end":{"line":66,"column":null}},"line":24},"2":{"name":"(anonymous_2)","decl":{"start":{"line":29,"column":8},"end":{"line":29,"column":32}},"loc":{"start":{"line":29,"column":42},"end":{"line":32,"column":null}},"line":29},"3":{"name":"(anonymous_3)","decl":{"start":{"line":34,"column":8},"end":{"line":34,"column":34}},"loc":{"start":{"line":34,"column":44},"end":{"line":38,"column":null}},"line":34},"4":{"name":"(anonymous_4)","decl":{"start":{"line":43,"column":13},"end":{"line":43,"column":33}},"loc":{"start":{"line":43,"column":33},"end":{"line":43,"column":70}},"line":43},"5":{"name":"(anonymous_5)","decl":{"start":{"line":43,"column":33},"end":{"line":43,"column":46}},"loc":{"start":{"line":43,"column":58},"end":{"line":43,"column":66}},"line":43},"6":{"name":"(anonymous_6)","decl":{"start":{"line":46,"column":8},"end":{"line":46,"column":24}},"loc":{"start":{"line":46,"column":24},"end":{"line":46,"column":null}},"line":46},"7":{"name":"(anonymous_7)","decl":{"start":{"line":46,"column":24},"end":{"line":46,"column":37}},"loc":{"start":{"line":46,"column":49},"end":{"line":46,"column":57}},"line":46},"8":{"name":"(anonymous_8)","decl":{"start":{"line":58,"column":14},"end":{"line":58,"column":32}},"loc":{"start":{"line":58,"column":32},"end":{"line":58,"column":null}},"line":58}},"branchMap":{},"s":{"0":0,"1":6,"2":6,"3":6,"4":6,"5":1,"6":1,"7":6,"8":0,"9":0,"10":0,"11":6,"12":1,"13":1,"14":0,"15":0,"16":0},"f":{"0":0,"1":6,"2":1,"3":0,"4":1,"5":1,"6":0,"7":0,"8":0},"b":{},"meta":{"lastBranch":0,"lastFunction":9,"lastStatement":17,"seen":{"f:10:9:10:26":0,"s:11:2:20:Infinity":0,"f:24:24:24:30":1,"s:25:19:25:Infinity":1,"s:26:24:26:Infinity":2,"s:27:26:27:Infinity":3,"s:29:8:32:Infinity":4,"f:29:8:29:32":2,"s:30:4:30:Infinity":5,"s:31:4:31:Infinity":6,"s:34:8:38:Infinity":7,"f:34:8:34:34":3,"s:35:4:35:Infinity":8,"s:36:4:36:Infinity":9,"s:37:4:37:Infinity":10,"s:40:2:64:Infinity":11,"f:43:13:43:33":4,"s:43:33:43:70":12,"f:43:33:43:46":5,"s:43:58:43:66":13,"f:46:8:46:24":6,"s:46:24:46:Infinity":14,"f:46:24:46:37":7,"s:46:49:46:57":15,"f:58:14:58:32":8,"s:58:32:58:Infinity":16},"fnNames":{}}}
,"C:\\Users\\kevinlopez\\Documents\\Solutions\\frontend\\src\\core\\api.js": {"path":"C:\\Users\\kevinlopez\\Documents\\Solutions\\frontend\\src\\core\\api.js","statementMap":{"0":{"start":{"line":3,"column":12},"end":{"line":6,"column":2}},"1":{"start":{"line":8,"column":0},"end":{"line":38,"column":1}},"2":{"start":{"line":9,"column":11},"end":{"line":9,"column":14}},"3":{"start":{"line":11,"column":14},"end":{"line":11,"column":33}},"4":{"start":{"line":13,"column":4},"end":{"line":30,"column":5}},"5":{"start":{"line":14,"column":19},"end":{"line":14,"column":36}},"6":{"start":{"line":17,"column":6},"end":{"line":29,"column":7}},"7":{"start":{"line":18,"column":8},"end":{"line":20,"column":21}},"8":{"start":{"line":19,"column":20},"end":{"line":19,"column":71}},"9":{"start":{"line":23,"column":11},"end":{"line":29,"column":7}},"10":{"start":{"line":24,"column":8},"end":{"line":24,"column":25}},"11":{"start":{"line":27,"column":11},"end":{"line":29,"column":7}},"12":{"start":{"line":28,"column":8},"end":{"line":28,"column":41}},"13":{"start":{"line":32,"column":4},"end":{"line":34,"column":5}},"14":{"start":{"line":33,"column":6},"end":{"line":33,"column":46}},"15":{"start":{"line":36,"column":4},"end":{"line":36,"column":41}}},"fnMap":{"0":{"name":"(anonymous_0)","decl":{"start":{"line":9,"column":2},"end":{"line":9,"column":3}},"loc":{"start":{"line":9,"column":11},"end":{"line":9,"column":14}},"line":9},"1":{"name":"(anonymous_1)","decl":{"start":{"line":10,"column":2},"end":{"line":10,"column":3}},"loc":{"start":{"line":10,"column":11},"end":{"line":37,"column":3}},"line":10},"2":{"name":"(anonymous_2)","decl":{"start":{"line":19,"column":15},"end":{"line":19,"column":16}},"loc":{"start":{"line":19,"column":20},"end":{"line":19,"column":71}},"line":19}},"branchMap":{"0":{"loc":{"start":{"line":13,"column":4},"end":{"line":30,"column":5}},"type":"if","locations":[{"start":{"line":13,"column":4},"end":{"line":30,"column":5}},{"start":{},"end":{}}],"line":13},"1":{"loc":{"start":{"line":17,"column":6},"end":{"line":29,"column":7}},"type":"if","locations":[{"start":{"line":17,"column":6},"end":{"line":29,"column":7}},{"start":{"line":23,"column":11},"end":{"line":29,"column":7}}],"line":17},"2":{"loc":{"start":{"line":19,"column":23},"end":{"line":19,"column":59}},"type":"binary-expr","locations":[{"start":{"line":19,"column":23},"end":{"line":19,"column":48}},{"start":{"line":19,"column":52},"end":{"line":19,"column":59}}],"line":19},"3":{"loc":{"start":{"line":23,"column":11},"end":{"line":29,"column":7}},"type":"if","locations":[{"start":{"line":23,"column":11},"end":{"line":29,"column":7}},{"start":{"line":27,"column":11},"end":{"line":29,"column":7}}],"line":23},"4":{"loc":{"start":{"line":27,"column":11},"end":{"line":29,"column":7}},"type":"if","locations":[{"start":{"line":27,"column":11},"end":{"line":29,"column":7}},{"start":{},"end":{}}],"line":27},"5":{"loc":{"start":{"line":32,"column":4},"end":{"line":34,"column":5}},"type":"if","locations":[{"start":{"line":32,"column":4},"end":{"line":34,"column":5}},{"start":{},"end":{}}],"line":32},"6":{"loc":{"start":{"line":32,"column":8},"end":{"line":32,"column":41}},"type":"binary-expr","locations":[{"start":{"line":32,"column":8},"end":{"line":32,"column":12}},{"start":{"line":32,"column":16},"end":{"line":32,"column":41}}],"line":32},"7":{"loc":{"start":{"line":33,"column":12},"end":{"line":33,"column":46}},"type":"binary-expr","locations":[{"start":{"line":33,"column":12},"end":{"line":33,"column":23}},{"start":{"line":33,"column":27},"end":{"line":33,"column":46}}],"line":33}},"s":{"0":7,"1":7,"2":0,"3":6,"4":6,"5":5,"6":5,"7":1,"8":2,"9":4,"10":1,"11":3,"12":2,"13":6,"14":1,"15":6},"f":{"0":0,"1":6,"2":2},"b":{"0":[5,1],"1":[1,4],"2":[2,0],"3":[1,3],"4":[2,1],"5":[1,5],"6":[6,5],"7":[1,0]},"meta":{"lastBranch":8,"lastFunction":3,"lastStatement":16,"seen":{"s:3:12:6:2":0,"s:8:0:38:1":1,"f:9:2:9:3":0,"s:9:11:9:14":2,"f:10:2:10:3":1,"s:11:14:11:33":3,"b:13:4:30:5:undefined:undefined:undefined:undefined":0,"s:13:4:30:5":4,"s:14:19:14:36":5,"b:17:6:29:7:23:11:29:7":1,"s:17:6:29:7":6,"s:18:8:20:21":7,"f:19:15:19:16":2,"s:19:20:19:71":8,"b:19:23:19:48:19:52:19:59":2,"b:23:11:29:7:27:11:29:7":3,"s:23:11:29:7":9,"s:24:8:24:25":10,"b:27:11:29:7:undefined:undefined:undefined:undefined":4,"s:27:11:29:7":11,"s:28:8:28:41":12,"b:32:4:34:5:undefined:undefined:undefined:undefined":5,"s:32:4:34:5":13,"b:32:8:32:12:32:16:32:41":6,"s:33:6:33:46":14,"b:33:12:33:23:33:27:33:46":7,"s:36:4:36:41":15},"fnNames":{}}}
,"C:\\Users\\kevinlopez\\Documents\\Solutions\\frontend\\src\\core\\constants.js": {"path":"C:\\Users\\kevinlopez\\Documents\\Solutions\\frontend\\src\\core\\constants.js","statementMap":{"0":{"start":{"line":1,"column":24},"end":{"line":1,"column":49}},"1":{"start":{"line":3,"column":29},"end":{"line":7,"column":1}},"2":{"start":{"line":9,"column":28},"end":{"line":13,"column":1}},"3":{"start":{"line":15,"column":21},"end":{"line":20,"column":1}},"4":{"start":{"line":22,"column":27},"end":{"line":27,"column":1}},"5":{"start":{"line":29,"column":26},"end":{"line":32,"column":1}},"6":{"start":{"line":34,"column":27},"end":{"line":47,"column":1}},"7":{"start":{"line":49,"column":33},"end":{"line":64,"column":1}}},"fnMap":{},"branchMap":{},"s":{"0":1,"1":1,"2":1,"3":1,"4":1,"5":1,"6":1,"7":1},"f":{},"b":{},"meta":{"lastBranch":0,"lastFunction":0,"lastStatement":8,"seen":{"s:1:24:1:49":0,"s:3:29:7:1":1,"s:9:28:13:1":2,"s:15:21:20:1":3,"s:22:27:27:1":4,"s:29:26:32:1":5,"s:34:27:47:1":6,"s:49:33:64:1":7},"fnNames":{}}}
,"C:\\Users\\kevinlopez\\Documents\\Solutions\\frontend\\src\\features\\ai\\services\\aiService.js": {"path":"C:\\Users\\kevinlopez\\Documents\\Solutions\\frontend\\src\\features\\ai\\services\\aiService.js","statementMap":{"0":{"start":{"line":4,"column":2},"end":{"line":4,"column":67}},"1":{"start":{"line":4,"column":58},"end":{"line":4,"column":66}},"2":{"start":{"line":8,"column":2},"end":{"line":8,"column":77}},"3":{"start":{"line":8,"column":68},"end":{"line":8,"column":76}},"4":{"start":{"line":12,"column":2},"end":{"line":12,"column":73}},"5":{"start":{"line":12,"column":64},"end":{"line":12,"column":72}},"6":{"start":{"line":16,"column":2},"end":{"line":16,"column":72}},"7":{"start":{"line":16,"column":63},"end":{"line":16,"column":71}}},"fnMap":{"0":{"name":"enviarMensajeIA","decl":{"start":{"line":3,"column":16},"end":{"line":3,"column":31}},"loc":{"start":{"line":3,"column":42},"end":{"line":5,"column":1}},"line":3},"1":{"name":"(anonymous_1)","decl":{"start":{"line":4,"column":49},"end":{"line":4,"column":50}},"loc":{"start":{"line":4,"column":58},"end":{"line":4,"column":66}},"line":4},"2":{"name":"modificarPropuesta","decl":{"start":{"line":7,"column":16},"end":{"line":7,"column":34}},"loc":{"start":{"line":7,"column":44},"end":{"line":9,"column":1}},"line":7},"3":{"name":"(anonymous_3)","decl":{"start":{"line":8,"column":59},"end":{"line":8,"column":60}},"loc":{"start":{"line":8,"column":68},"end":{"line":8,"column":76}},"line":8},"4":{"name":"reemplazarLogo","decl":{"start":{"line":11,"column":16},"end":{"line":11,"column":30}},"loc":{"start":{"line":11,"column":40},"end":{"line":13,"column":1}},"line":11},"5":{"name":"(anonymous_5)","decl":{"start":{"line":12,"column":55},"end":{"line":12,"column":56}},"loc":{"start":{"line":12,"column":64},"end":{"line":12,"column":72}},"line":12},"6":{"name":"chatConPropuesta","decl":{"start":{"line":15,"column":16},"end":{"line":15,"column":32}},"loc":{"start":{"line":15,"column":42},"end":{"line":17,"column":1}},"line":15},"7":{"name":"(anonymous_7)","decl":{"start":{"line":16,"column":54},"end":{"line":16,"column":55}},"loc":{"start":{"line":16,"column":63},"end":{"line":16,"column":71}},"line":16}},"branchMap":{},"s":{"0":1,"1":1,"2":1,"3":1,"4":1,"5":1,"6":1,"7":1},"f":{"0":1,"1":1,"2":1,"3":1,"4":1,"5":1,"6":1,"7":1},"b":{},"meta":{"lastBranch":0,"lastFunction":8,"lastStatement":8,"seen":{"f:3:16:3:31":0,"s:4:2:4:67":0,"f:4:49:4:50":1,"s:4:58:4:66":1,"f:7:16:7:34":2,"s:8:2:8:77":2,"f:8:59:8:60":3,"s:8:68:8:76":3,"f:11:16:11:30":4,"s:12:2:12:73":4,"f:12:55:12:56":5,"s:12:64:12:72":5,"f:15:16:15:32":6,"s:16:2:16:72":6,"f:16:54:16:55":7,"s:16:63:16:71":7},"fnNames":{}}}
,"C:\\Users\\kevinlopez\\Documents\\Solutions\\frontend\\src\\features\\catalogo\\components\\CatalogoForm.jsx": {"path":"C:\\Users\\kevinlopez\\Documents\\Solutions\\frontend\\src\\features\\catalogo\\components\\CatalogoForm.jsx","statementMap":{"0":{"start":{"line":4,"column":18},"end":{"line":4,"column":null}},"1":{"start":{"line":4,"column":53},"end":{"line":4,"column":77}},"2":{"start":{"line":5,"column":17},"end":{"line":5,"column":null}},"3":{"start":{"line":8,"column":4},"end":{"line":8,"column":null}},"4":{"start":{"line":8,"column":23},"end":{"line":8,"column":49}},"5":{"start":{"line":12,"column":4},"end":{"line":12,"column":null}},"6":{"start":{"line":13,"column":4},"end":{"line":13,"column":null}},"7":{"start":{"line":14,"column":4},"end":{"line":14,"column":null}},"8":{"start":{"line":17,"column":2},"end":{"line":39,"column":null}},"9":{"start":{"line":20,"column":8},"end":{"line":36,"column":null}},"10":{"start":{"line":25,"column":29},"end":{"line":25,"column":null}},"11":{"start":{"line":32,"column":29},"end":{"line":32,"column":null}}},"fnMap":{"0":{"name":"CatalogoForm","decl":{"start":{"line":3,"column":24},"end":{"line":3,"column":37}},"loc":{"start":{"line":3,"column":84},"end":{"line":41,"column":null}},"line":3},"1":{"name":"(anonymous_1)","decl":{"start":{"line":4,"column":44},"end":{"line":4,"column":48}},"loc":{"start":{"line":4,"column":53},"end":{"line":4,"column":77}},"line":4},"2":{"name":"handleChange","decl":{"start":{"line":7,"column":11},"end":{"line":7,"column":24}},"loc":{"start":{"line":7,"column":36},"end":{"line":9,"column":null}},"line":7},"3":{"name":"(anonymous_3)","decl":{"start":{"line":8,"column":4},"end":{"line":8,"column":14}},"loc":{"start":{"line":8,"column":23},"end":{"line":8,"column":49}},"line":8},"4":{"name":"handleSubmit","decl":{"start":{"line":11,"column":11},"end":{"line":11,"column":24}},"loc":{"start":{"line":11,"column":27},"end":{"line":15,"column":null}},"line":11},"5":{"name":"(anonymous_5)","decl":{"start":{"line":19,"column":14},"end":{"line":19,"column":18}},"loc":{"start":{"line":20,"column":8},"end":{"line":36,"column":null}},"line":20},"6":{"name":"(anonymous_6)","decl":{"start":{"line":25,"column":14},"end":{"line":25,"column":24}},"loc":{"start":{"line":25,"column":29},"end":{"line":25,"column":null}},"line":25},"7":{"name":"(anonymous_7)","decl":{"start":{"line":32,"column":14},"end":{"line":32,"column":24}},"loc":{"start":{"line":32,"column":29},"end":{"line":32,"column":null}},"line":32}},"branchMap":{"0":{"loc":{"start":{"line":3,"column":57},"end":{"line":3,"column":84}},"type":"default-arg","locations":[{"start":{"line":3,"column":71},"end":{"line":3,"column":84}}],"line":3},"1":{"loc":{"start":{"line":4,"column":61},"end":{"line":4,"column":76}},"type":"binary-expr","locations":[{"start":{"line":4,"column":61},"end":{"line":4,"column":74}},{"start":{"line":4,"column":74},"end":{"line":4,"column":76}}],"line":4},"2":{"loc":{"start":{"line":22,"column":11},"end":{"line":36,"column":null}},"type":"cond-expr","locations":[{"start":{"line":23,"column":12},"end":{"line":29,"column":13}},{"start":{"line":29,"column":12},"end":{"line":36,"column":null}}],"line":22},"3":{"loc":{"start":{"line":30,"column":20},"end":{"line":30,"column":null}},"type":"binary-expr","locations":[{"start":{"line":30,"column":20},"end":{"line":30,"column":30}},{"start":{"line":30,"column":30},"end":{"line":30,"column":null}}],"line":30}},"s":{"0":23,"1":43,"2":23,"3":12,"4":12,"5":2,"6":2,"7":2,"8":23,"9":43,"10":0,"11":12},"f":{"0":23,"1":43,"2":12,"3":12,"4":2,"5":43,"6":0,"7":12},"b":{"0":[23],"1":[43,42],"2":[21,22],"3":[22,0]},"meta":{"lastBranch":4,"lastFunction":8,"lastStatement":12,"seen":{"f:3:24:3:37":0,"b:3:71:3:84":0,"s:4:18:4:Infinity":0,"f:4:44:4:48":1,"s:4:53:4:77":1,"b:4:61:4:74:4:74:4:76":1,"s:5:17:5:Infinity":2,"f:7:11:7:24":2,"s:8:4:8:Infinity":3,"f:8:4:8:14":3,"s:8:23:8:49":4,"f:11:11:11:24":4,"s:12:4:12:Infinity":5,"s:13:4:13:Infinity":6,"s:14:4:14:Infinity":7,"s:17:2:39:Infinity":8,"f:19:14:19:18":5,"s:20:8:36:Infinity":9,"b:23:12:29:13:29:12:36:Infinity":2,"f:25:14:25:24":6,"s:25:29:25:Infinity":10,"b:30:20:30:30:30:30:30:Infinity":3,"f:32:14:32:24":7,"s:32:29:32:Infinity":11},"fnNames":{}}}
,"C:\\Users\\kevinlopez\\Documents\\Solutions\\frontend\\src\\features\\catalogo\\services\\catalogoService.js": {"path":"C:\\Users\\kevinlopez\\Documents\\Solutions\\frontend\\src\\features\\catalogo\\services\\catalogoService.js","statementMap":{"0":{"start":{"line":3,"column":30},"end":{"line":3,"column":null}},"1":{"start":{"line":3,"column":50},"end":{"line":3,"column":null}},"2":{"start":{"line":3,"column":88},"end":{"line":3,"column":94}},"3":{"start":{"line":4,"column":30},"end":{"line":4,"column":null}},"4":{"start":{"line":4,"column":50},"end":{"line":4,"column":null}},"5":{"start":{"line":4,"column":101},"end":{"line":4,"column":107}},"6":{"start":{"line":5,"column":30},"end":{"line":5,"column":null}},"7":{"start":{"line":5,"column":50},"end":{"line":5,"column":null}},"8":{"start":{"line":7,"column":30},"end":{"line":7,"column":null}},"9":{"start":{"line":7,"column":50},"end":{"line":7,"column":null}},"10":{"start":{"line":7,"column":140},"end":{"line":7,"column":146}},"11":{"start":{"line":8,"column":30},"end":{"line":8,"column":null}},"12":{"start":{"line":8,"column":50},"end":{"line":8,"column":null}},"13":{"start":{"line":8,"column":97},"end":{"line":8,"column":103}},"14":{"start":{"line":9,"column":30},"end":{"line":9,"column":null}},"15":{"start":{"line":9,"column":50},"end":{"line":9,"column":null}},"16":{"start":{"line":9,"column":102},"end":{"line":9,"column":108}},"17":{"start":{"line":10,"column":30},"end":{"line":10,"column":null}},"18":{"start":{"line":10,"column":50},"end":{"line":10,"column":null}},"19":{"start":{"line":12,"column":34},"end":{"line":12,"column":null}},"20":{"start":{"line":12,"column":50},"end":{"line":12,"column":null}},"21":{"start":{"line":12,"column":147},"end":{"line":12,"column":153}},"22":{"start":{"line":13,"column":34},"end":{"line":13,"column":null}},"23":{"start":{"line":13,"column":50},"end":{"line":13,"column":null}},"24":{"start":{"line":13,"column":104},"end":{"line":13,"column":110}},"25":{"start":{"line":14,"column":34},"end":{"line":14,"column":null}},"26":{"start":{"line":14,"column":50},"end":{"line":14,"column":null}},"27":{"start":{"line":14,"column":109},"end":{"line":14,"column":115}},"28":{"start":{"line":15,"column":34},"end":{"line":15,"column":null}},"29":{"start":{"line":15,"column":50},"end":{"line":15,"column":null}},"30":{"start":{"line":17,"column":32},"end":{"line":17,"column":null}},"31":{"start":{"line":17,"column":50},"end":{"line":17,"column":null}},"32":{"start":{"line":17,"column":143},"end":{"line":17,"column":149}},"33":{"start":{"line":18,"column":32},"end":{"line":18,"column":null}},"34":{"start":{"line":18,"column":50},"end":{"line":18,"column":null}},"35":{"start":{"line":18,"column":100},"end":{"line":18,"column":106}},"36":{"start":{"line":19,"column":32},"end":{"line":19,"column":null}},"37":{"start":{"line":19,"column":50},"end":{"line":19,"column":null}},"38":{"start":{"line":19,"column":105},"end":{"line":19,"column":111}},"39":{"start":{"line":20,"column":32},"end":{"line":20,"column":null}},"40":{"start":{"line":20,"column":50},"end":{"line":20,"column":null}},"41":{"start":{"line":22,"column":32},"end":{"line":22,"column":null}},"42":{"start":{"line":22,"column":50},"end":{"line":22,"column":null}},"43":{"start":{"line":22,"column":149},"end":{"line":22,"column":155}},"44":{"start":{"line":23,"column":32},"end":{"line":23,"column":null}},"45":{"start":{"line":23,"column":50},"end":{"line":23,"column":null}},"46":{"start":{"line":23,"column":106},"end":{"line":23,"column":112}},"47":{"start":{"line":24,"column":32},"end":{"line":24,"column":null}},"48":{"start":{"line":24,"column":50},"end":{"line":24,"column":null}},"49":{"start":{"line":24,"column":111},"end":{"line":24,"column":117}},"50":{"start":{"line":25,"column":32},"end":{"line":25,"column":null}},"51":{"start":{"line":25,"column":50},"end":{"line":25,"column":null}}},"fnMap":{"0":{"name":"(anonymous_0)","decl":{"start":{"line":3,"column":30},"end":{"line":3,"column":31}},"loc":{"start":{"line":3,"column":50},"end":{"line":3,"column":null}},"line":3},"1":{"name":"(anonymous_1)","decl":{"start":{"line":3,"column":83},"end":{"line":3,"column":84}},"loc":{"start":{"line":3,"column":88},"end":{"line":3,"column":94}},"line":3},"2":{"name":"(anonymous_2)","decl":{"start":{"line":4,"column":30},"end":{"line":4,"column":31}},"loc":{"start":{"line":4,"column":50},"end":{"line":4,"column":null}},"line":4},"3":{"name":"(anonymous_3)","decl":{"start":{"line":4,"column":96},"end":{"line":4,"column":97}},"loc":{"start":{"line":4,"column":101},"end":{"line":4,"column":107}},"line":4},"4":{"name":"(anonymous_4)","decl":{"start":{"line":5,"column":30},"end":{"line":5,"column":31}},"loc":{"start":{"line":5,"column":50},"end":{"line":5,"column":null}},"line":5},"5":{"name":"(anonymous_5)","decl":{"start":{"line":7,"column":30},"end":{"line":7,"column":31}},"loc":{"start":{"line":7,"column":50},"end":{"line":7,"column":null}},"line":7},"6":{"name":"(anonymous_6)","decl":{"start":{"line":7,"column":135},"end":{"line":7,"column":136}},"loc":{"start":{"line":7,"column":140},"end":{"line":7,"column":146}},"line":7},"7":{"name":"(anonymous_7)","decl":{"start":{"line":8,"column":30},"end":{"line":8,"column":31}},"loc":{"start":{"line":8,"column":50},"end":{"line":8,"column":null}},"line":8},"8":{"name":"(anonymous_8)","decl":{"start":{"line":8,"column":92},"end":{"line":8,"column":93}},"loc":{"start":{"line":8,"column":97},"end":{"line":8,"column":103}},"line":8},"9":{"name":"(anonymous_9)","decl":{"start":{"line":9,"column":30},"end":{"line":9,"column":31}},"loc":{"start":{"line":9,"column":50},"end":{"line":9,"column":null}},"line":9},"10":{"name":"(anonymous_10)","decl":{"start":{"line":9,"column":97},"end":{"line":9,"column":98}},"loc":{"start":{"line":9,"column":102},"end":{"line":9,"column":108}},"line":9},"11":{"name":"(anonymous_11)","decl":{"start":{"line":10,"column":30},"end":{"line":10,"column":31}},"loc":{"start":{"line":10,"column":50},"end":{"line":10,"column":null}},"line":10},"12":{"name":"(anonymous_12)","decl":{"start":{"line":12,"column":34},"end":{"line":12,"column":35}},"loc":{"start":{"line":12,"column":50},"end":{"line":12,"column":null}},"line":12},"13":{"name":"(anonymous_13)","decl":{"start":{"line":12,"column":142},"end":{"line":12,"column":143}},"loc":{"start":{"line":12,"column":147},"end":{"line":12,"column":153}},"line":12},"14":{"name":"(anonymous_14)","decl":{"start":{"line":13,"column":34},"end":{"line":13,"column":35}},"loc":{"start":{"line":13,"column":50},"end":{"line":13,"column":null}},"line":13},"15":{"name":"(anonymous_15)","decl":{"start":{"line":13,"column":99},"end":{"line":13,"column":100}},"loc":{"start":{"line":13,"column":104},"end":{"line":13,"column":110}},"line":13},"16":{"name":"(anonymous_16)","decl":{"start":{"line":14,"column":34},"end":{"line":14,"column":35}},"loc":{"start":{"line":14,"column":50},"end":{"line":14,"column":null}},"line":14},"17":{"name":"(anonymous_17)","decl":{"start":{"line":14,"column":104},"end":{"line":14,"column":105}},"loc":{"start":{"line":14,"column":109},"end":{"line":14,"column":115}},"line":14},"18":{"name":"(anonymous_18)","decl":{"start":{"line":15,"column":34},"end":{"line":15,"column":35}},"loc":{"start":{"line":15,"column":50},"end":{"line":15,"column":null}},"line":15},"19":{"name":"(anonymous_19)","decl":{"start":{"line":17,"column":32},"end":{"line":17,"column":33}},"loc":{"start":{"line":17,"column":50},"end":{"line":17,"column":null}},"line":17},"20":{"name":"(anonymous_20)","decl":{"start":{"line":17,"column":138},"end":{"line":17,"column":139}},"loc":{"start":{"line":17,"column":143},"end":{"line":17,"column":149}},"line":17},"21":{"name":"(anonymous_21)","decl":{"start":{"line":18,"column":32},"end":{"line":18,"column":33}},"loc":{"start":{"line":18,"column":50},"end":{"line":18,"column":null}},"line":18},"22":{"name":"(anonymous_22)","decl":{"start":{"line":18,"column":95},"end":{"line":18,"column":96}},"loc":{"start":{"line":18,"column":100},"end":{"line":18,"column":106}},"line":18},"23":{"name":"(anonymous_23)","decl":{"start":{"line":19,"column":32},"end":{"line":19,"column":33}},"loc":{"start":{"line":19,"column":50},"end":{"line":19,"column":null}},"line":19},"24":{"name":"(anonymous_24)","decl":{"start":{"line":19,"column":100},"end":{"line":19,"column":101}},"loc":{"start":{"line":19,"column":105},"end":{"line":19,"column":111}},"line":19},"25":{"name":"(anonymous_25)","decl":{"start":{"line":20,"column":32},"end":{"line":20,"column":33}},"loc":{"start":{"line":20,"column":50},"end":{"line":20,"column":null}},"line":20},"26":{"name":"(anonymous_26)","decl":{"start":{"line":22,"column":32},"end":{"line":22,"column":33}},"loc":{"start":{"line":22,"column":50},"end":{"line":22,"column":null}},"line":22},"27":{"name":"(anonymous_27)","decl":{"start":{"line":22,"column":144},"end":{"line":22,"column":145}},"loc":{"start":{"line":22,"column":149},"end":{"line":22,"column":155}},"line":22},"28":{"name":"(anonymous_28)","decl":{"start":{"line":23,"column":32},"end":{"line":23,"column":33}},"loc":{"start":{"line":23,"column":50},"end":{"line":23,"column":null}},"line":23},"29":{"name":"(anonymous_29)","decl":{"start":{"line":23,"column":101},"end":{"line":23,"column":102}},"loc":{"start":{"line":23,"column":106},"end":{"line":23,"column":112}},"line":23},"30":{"name":"(anonymous_30)","decl":{"start":{"line":24,"column":32},"end":{"line":24,"column":33}},"loc":{"start":{"line":24,"column":50},"end":{"line":24,"column":null}},"line":24},"31":{"name":"(anonymous_31)","decl":{"start":{"line":24,"column":106},"end":{"line":24,"column":107}},"loc":{"start":{"line":24,"column":111},"end":{"line":24,"column":117}},"line":24},"32":{"name":"(anonymous_32)","decl":{"start":{"line":25,"column":32},"end":{"line":25,"column":33}},"loc":{"start":{"line":25,"column":50},"end":{"line":25,"column":null}},"line":25}},"branchMap":{"0":{"loc":{"start":{"line":7,"column":90},"end":{"line":7,"column":126}},"type":"cond-expr","locations":[{"start":{"line":7,"column":100},"end":{"line":7,"column":121}},{"start":{"line":7,"column":124},"end":{"line":7,"column":126}}],"line":7},"1":{"loc":{"start":{"line":12,"column":97},"end":{"line":12,"column":133}},"type":"cond-expr","locations":[{"start":{"line":12,"column":107},"end":{"line":12,"column":128}},{"start":{"line":12,"column":131},"end":{"line":12,"column":133}}],"line":12},"2":{"loc":{"start":{"line":17,"column":93},"end":{"line":17,"column":129}},"type":"cond-expr","locations":[{"start":{"line":17,"column":103},"end":{"line":17,"column":124}},{"start":{"line":17,"column":127},"end":{"line":17,"column":129}}],"line":17},"3":{"loc":{"start":{"line":22,"column":99},"end":{"line":22,"column":135}},"type":"cond-expr","locations":[{"start":{"line":22,"column":109},"end":{"line":22,"column":130}},{"start":{"line":22,"column":133},"end":{"line":22,"column":135}}],"line":22}},"s":{"0":1,"1":1,"2":1,"3":1,"4":1,"5":1,"6":1,"7":1,"8":1,"9":2,"10":2,"11":1,"12":1,"13":1,"14":1,"15":1,"16":1,"17":1,"18":1,"19":1,"20":1,"21":1,"22":1,"23":1,"24":1,"25":1,"26":1,"27":1,"28":1,"29":1,"30":1,"31":1,"32":1,"33":1,"34":1,"35":1,"36":1,"37":1,"38":1,"39":1,"40":1,"41":1,"42":1,"43":1,"44":1,"45":1,"46":1,"47":1,"48":1,"49":1,"50":1,"51":1},"f":{"0":1,"1":1,"2":1,"3":1,"4":1,"5":2,"6":2,"7":1,"8":1,"9":1,"10":1,"11":1,"12":1,"13":1,"14":1,"15":1,"16":1,"17":1,"18":1,"19":1,"20":1,"21":1,"22":1,"23":1,"24":1,"25":1,"26":1,"27":1,"28":1,"29":1,"30":1,"31":1,"32":1},"b":{"0":[1,1],"1":[0,1],"2":[1,0],"3":[0,1]},"meta":{"lastBranch":4,"lastFunction":33,"lastStatement":52,"seen":{"s:3:30:3:Infinity":0,"f:3:30:3:31":0,"s:3:50:3:Infinity":1,"f:3:83:3:84":1,"s:3:88:3:94":2,"s:4:30:4:Infinity":3,"f:4:30:4:31":2,"s:4:50:4:Infinity":4,"f:4:96:4:97":3,"s:4:101:4:107":5,"s:5:30:5:Infinity":6,"f:5:30:5:31":4,"s:5:50:5:Infinity":7,"s:7:30:7:Infinity":8,"f:7:30:7:31":5,"s:7:50:7:Infinity":9,"b:7:100:7:121:7:124:7:126":0,"f:7:135:7:136":6,"s:7:140:7:146":10,"s:8:30:8:Infinity":11,"f:8:30:8:31":7,"s:8:50:8:Infinity":12,"f:8:92:8:93":8,"s:8:97:8:103":13,"s:9:30:9:Infinity":14,"f:9:30:9:31":9,"s:9:50:9:Infinity":15,"f:9:97:9:98":10,"s:9:102:9:108":16,"s:10:30:10:Infinity":17,"f:10:30:10:31":11,"s:10:50:10:Infinity":18,"s:12:34:12:Infinity":19,"f:12:34:12:35":12,"s:12:50:12:Infinity":20,"b:12:107:12:128:12:131:12:133":1,"f:12:142:12:143":13,"s:12:147:12:153":21,"s:13:34:13:Infinity":22,"f:13:34:13:35":14,"s:13:50:13:Infinity":23,"f:13:99:13:100":15,"s:13:104:13:110":24,"s:14:34:14:Infinity":25,"f:14:34:14:35":16,"s:14:50:14:Infinity":26,"f:14:104:14:105":17,"s:14:109:14:115":27,"s:15:34:15:Infinity":28,"f:15:34:15:35":18,"s:15:50:15:Infinity":29,"s:17:32:17:Infinity":30,"f:17:32:17:33":19,"s:17:50:17:Infinity":31,"b:17:103:17:124:17:127:17:129":2,"f:17:138:17:139":20,"s:17:143:17:149":32,"s:18:32:18:Infinity":33,"f:18:32:18:33":21,"s:18:50:18:Infinity":34,"f:18:95:18:96":22,"s:18:100:18:106":35,"s:19:32:19:Infinity":36,"f:19:32:19:33":23,"s:19:50:19:Infinity":37,"f:19:100:19:101":24,"s:19:105:19:111":38,"s:20:32:20:Infinity":39,"f:20:32:20:33":25,"s:20:50:20:Infinity":40,"s:22:32:22:Infinity":41,"f:22:32:22:33":26,"s:22:50:22:Infinity":42,"b:22:109:22:130:22:133:22:135":3,"f:22:144:22:145":27,"s:22:149:22:155":43,"s:23:32:23:Infinity":44,"f:23:32:23:33":28,"s:23:50:23:Infinity":45,"f:23:101:23:102":29,"s:23:106:23:112":46,"s:24:32:24:Infinity":47,"f:24:32:24:33":30,"s:24:50:24:Infinity":48,"f:24:106:24:107":31,"s:24:111:24:117":49,"s:25:32:25:Infinity":50,"f:25:32:25:33":32,"s:25:50:25:Infinity":51},"fnNames":{}}}
,"C:\\Users\\kevinlopez\\Documents\\Solutions\\frontend\\src\\features\\cronograma\\services\\cronogramaService.js": {"path":"C:\\Users\\kevinlopez\\Documents\\Solutions\\frontend\\src\\features\\cronograma\\services\\cronogramaService.js","statementMap":{"0":{"start":{"line":4,"column":19},"end":{"line":4,"column":null}},"1":{"start":{"line":5,"column":2},"end":{"line":5,"column":null}}},"fnMap":{"0":{"name":"generarCronograma","decl":{"start":{"line":3,"column":22},"end":{"line":3,"column":39}},"loc":{"start":{"line":3,"column":49},"end":{"line":6,"column":null}},"line":3}},"branchMap":{},"s":{"0":1,"1":1},"f":{"0":1},"b":{},"meta":{"lastBranch":0,"lastFunction":1,"lastStatement":2,"seen":{"f:3:22:3:39":0,"s:4:19:4:Infinity":0,"s:5:2:5:Infinity":1},"fnNames":{}}}
,"C:\\Users\\kevinlopez\\Documents\\Solutions\\frontend\\src\\features\\propuesta\\components\\PillsControl.jsx": {"path":"C:\\Users\\kevinlopez\\Documents\\Solutions\\frontend\\src\\features\\propuesta\\components\\PillsControl.jsx","statementMap":{"0":{"start":{"line":1,"column":17},"end":{"line":6,"column":null}},"1":{"start":{"line":9,"column":21},"end":{"line":9,"column":null}},"2":{"start":{"line":9,"column":42},"end":{"line":9,"column":57}},"3":{"start":{"line":9,"column":68},"end":{"line":9,"column":75}},"4":{"start":{"line":10,"column":2},"end":{"line":10,"column":null}},"5":{"start":{"line":10,"column":17},"end":{"line":10,"column":null}},"6":{"start":{"line":12,"column":2},"end":{"line":69,"column":null}},"7":{"start":{"line":16,"column":21},"end":{"line":16,"column":null}},"8":{"start":{"line":17,"column":10},"end":{"line":34,"column":null}},"9":{"start":{"line":26,"column":73},"end":{"line":26,"column":null}},"10":{"start":{"line":65,"column":32},"end":{"line":65,"column":73}}},"fnMap":{"0":{"name":"PillsControl","decl":{"start":{"line":8,"column":24},"end":{"line":8,"column":37}},"loc":{"start":{"line":8,"column":96},"end":{"line":71,"column":null}},"line":8},"1":{"name":"(anonymous_1)","decl":{"start":{"line":9,"column":30},"end":{"line":9,"column":37}},"loc":{"start":{"line":9,"column":42},"end":{"line":9,"column":57}},"line":9},"2":{"name":"(anonymous_2)","decl":{"start":{"line":9,"column":59},"end":{"line":9,"column":63}},"loc":{"start":{"line":9,"column":68},"end":{"line":9,"column":75}},"line":9},"3":{"name":"(anonymous_3)","decl":{"start":{"line":15,"column":18},"end":{"line":15,"column":23}},"loc":{"start":{"line":15,"column":54},"end":{"line":36,"column":9}},"line":15},"4":{"name":"(anonymous_4)","decl":{"start":{"line":26,"column":58},"end":{"line":26,"column":73}},"loc":{"start":{"line":26,"column":73},"end":{"line":26,"column":null}},"line":26},"5":{"name":"(anonymous_5)","decl":{"start":{"line":65,"column":23},"end":{"line":65,"column":27}},"loc":{"start":{"line":65,"column":32},"end":{"line":65,"column":73}},"line":65}},"branchMap":{"0":{"loc":{"start":{"line":10,"column":2},"end":{"line":10,"column":null}},"type":"if","locations":[{"start":{"line":10,"column":2},"end":{"line":10,"column":null}},{"start":{},"end":{}}],"line":10},"1":{"loc":{"start":{"line":18,"column":45},"end":{"line":18,"column":null}},"type":"cond-expr","locations":[{"start":{"line":18,"column":50},"end":{"line":18,"column":62}},{"start":{"line":18,"column":62},"end":{"line":18,"column":null}}],"line":18},"2":{"loc":{"start":{"line":24,"column":43},"end":{"line":24,"column":64}},"type":"cond-expr","locations":[{"start":{"line":24,"column":48},"end":{"line":24,"column":58}},{"start":{"line":24,"column":58},"end":{"line":24,"column":64}}],"line":24},"3":{"loc":{"start":{"line":26,"column":39},"end":{"line":26,"column":58}},"type":"cond-expr","locations":[{"start":{"line":26,"column":44},"end":{"line":26,"column":52}},{"start":{"line":26,"column":52},"end":{"line":26,"column":58}}],"line":26},"4":{"loc":{"start":{"line":38,"column":31},"end":{"line":38,"column":null}},"type":"cond-expr","locations":[{"start":{"line":38,"column":43},"end":{"line":38,"column":55}},{"start":{"line":38,"column":55},"end":{"line":38,"column":null}}],"line":38},"5":{"loc":{"start":{"line":44,"column":39},"end":{"line":44,"column":67}},"type":"cond-expr","locations":[{"start":{"line":44,"column":51},"end":{"line":44,"column":61}},{"start":{"line":44,"column":61},"end":{"line":44,"column":67}}],"line":44},"6":{"loc":{"start":{"line":46,"column":35},"end":{"line":46,"column":61}},"type":"cond-expr","locations":[{"start":{"line":46,"column":47},"end":{"line":46,"column":55}},{"start":{"line":46,"column":55},"end":{"line":46,"column":61}}],"line":46},"7":{"loc":{"start":{"line":60,"column":11},"end":{"line":65,"column":null}},"type":"cond-expr","locations":[{"start":{"line":61,"column":12},"end":{"line":65,"column":23}},{"start":{"line":65,"column":12},"end":{"line":65,"column":null}}],"line":60}},"s":{"0":1,"1":6,"2":24,"3":3,"4":6,"5":1,"6":6,"7":24,"8":24,"9":1,"10":4},"f":{"0":6,"1":24,"2":3,"3":24,"4":1,"5":4},"b":{"0":[1,5],"1":[3,21],"2":[3,21],"3":[3,21],"4":[1,5],"5":[1,5],"6":[1,5],"7":[4,2]},"meta":{"lastBranch":8,"lastFunction":6,"lastStatement":11,"seen":{"s:1:17:6:Infinity":0,"f:8:24:8:37":0,"s:9:21:9:Infinity":1,"f:9:30:9:37":1,"s:9:42:9:57":2,"f:9:59:9:63":2,"s:9:68:9:75":3,"b:10:2:10:Infinity:undefined:undefined:undefined:undefined":0,"s:10:2:10:Infinity":4,"s:10:17:10:Infinity":5,"s:12:2:69:Infinity":6,"f:15:18:15:23":3,"s:16:21:16:Infinity":7,"s:17:10:34:Infinity":8,"b:18:50:18:62:18:62:18:Infinity":1,"b:24:48:24:58:24:58:24:64":2,"b:26:44:26:52:26:52:26:58":3,"f:26:58:26:73":4,"s:26:73:26:Infinity":9,"b:38:43:38:55:38:55:38:Infinity":4,"b:44:51:44:61:44:61:44:67":5,"b:46:47:46:55:46:55:46:61":6,"b:61:12:65:23:65:12:65:Infinity":7,"f:65:23:65:27":5,"s:65:32:65:73":10},"fnNames":{}}}
,"C:\\Users\\kevinlopez\\Documents\\Solutions\\frontend\\src\\features\\propuesta\\services\\propuestaService.js": {"path":"C:\\Users\\kevinlopez\\Documents\\Solutions\\frontend\\src\\features\\propuesta\\services\\propuestaService.js","statementMap":{"0":{"start":{"line":4,"column":19},"end":{"line":4,"column":null}},"1":{"start":{"line":5,"column":2},"end":{"line":5,"column":null}},"2":{"start":{"line":9,"column":17},"end":{"line":9,"column":null}},"3":{"start":{"line":10,"column":19},"end":{"line":10,"column":null}},"4":{"start":{"line":11,"column":2},"end":{"line":11,"column":null}}},"fnMap":{"0":{"name":"generarPropuesta","decl":{"start":{"line":3,"column":22},"end":{"line":3,"column":38}},"loc":{"start":{"line":3,"column":48},"end":{"line":6,"column":null}},"line":3},"1":{"name":"getPerfilesCatalog","decl":{"start":{"line":8,"column":22},"end":{"line":8,"column":40}},"loc":{"start":{"line":8,"column":50},"end":{"line":12,"column":null}},"line":8}},"branchMap":{"0":{"loc":{"start":{"line":9,"column":17},"end":{"line":9,"column":null}},"type":"cond-expr","locations":[{"start":{"line":9,"column":27},"end":{"line":9,"column":48}},{"start":{"line":9,"column":51},"end":{"line":9,"column":null}}],"line":9}},"s":{"0":1,"1":1,"2":2,"3":2,"4":2},"f":{"0":1,"1":2},"b":{"0":[1,1]},"meta":{"lastBranch":1,"lastFunction":2,"lastStatement":5,"seen":{"f:3:22:3:38":0,"s:4:19:4:Infinity":0,"s:5:2:5:Infinity":1,"f:8:22:8:40":1,"s:9:17:9:Infinity":2,"b:9:27:9:48:9:51:9:Infinity":0,"s:10:19:10:Infinity":3,"s:11:2:11:Infinity":4},"fnNames":{}}}
,"C:\\Users\\kevinlopez\\Documents\\Solutions\\frontend\\src\\shared\\components\\Button.jsx": {"path":"C:\\Users\\kevinlopez\\Documents\\Solutions\\frontend\\src\\shared\\components\\Button.jsx","statementMap":{"0":{"start":{"line":2,"column":2},"end":{"line":5,"column":null}}},"fnMap":{"0":{"name":"Button","decl":{"start":{"line":1,"column":24},"end":{"line":1,"column":31}},"loc":{"start":{"line":1,"column":76},"end":{"line":7,"column":null}},"line":1}},"branchMap":{"0":{"loc":{"start":{"line":1,"column":43},"end":{"line":1,"column":64}},"type":"default-arg","locations":[{"start":{"line":1,"column":53},"end":{"line":1,"column":64}}],"line":1}},"s":{"0":5},"f":{"0":5},"b":{"0":[5]},"meta":{"lastBranch":1,"lastFunction":1,"lastStatement":1,"seen":{"f:1:24:1:31":0,"b:1:53:1:64":0,"s:2:2:5:Infinity":0},"fnNames":{}}}
,"C:\\Users\\kevinlopez\\Documents\\Solutions\\frontend\\src\\shared\\components\\Toggle.jsx": {"path":"C:\\Users\\kevinlopez\\Documents\\Solutions\\frontend\\src\\shared\\components\\Toggle.jsx","statementMap":{"0":{"start":{"line":2,"column":2},"end":{"line":8,"column":null}}},"fnMap":{"0":{"name":"Toggle","decl":{"start":{"line":1,"column":24},"end":{"line":1,"column":31}},"loc":{"start":{"line":1,"column":61},"end":{"line":10,"column":null}},"line":1}},"branchMap":{"0":{"loc":{"start":{"line":5,"column":39},"end":{"line":5,"column":65}},"type":"cond-expr","locations":[{"start":{"line":5,"column":49},"end":{"line":5,"column":56}},{"start":{"line":5,"column":56},"end":{"line":5,"column":65}}],"line":5}},"s":{"0":4},"f":{"0":4},"b":{"0":[1,3]},"meta":{"lastBranch":1,"lastFunction":1,"lastStatement":1,"seen":{"f:1:24:1:31":0,"s:2:2:8:Infinity":0,"b:5:49:5:56:5:56:5:65":0},"fnNames":{}}}
,"C:\\Users\\kevinlopez\\Documents\\Solutions\\frontend\\src\\shared\\hooks\\useDownload.js": {"path":"C:\\Users\\kevinlopez\\Documents\\Solutions\\frontend\\src\\shared\\hooks\\useDownload.js","statementMap":{"0":{"start":{"line":3,"column":19},"end":{"line":3,"column":null}},"1":{"start":{"line":4,"column":19},"end":{"line":4,"column":null}},"2":{"start":{"line":5,"column":4},"end":{"line":5,"column":null}},"3":{"start":{"line":5,"column":17},"end":{"line":5,"column":18}},"4":{"start":{"line":5,"column":43},"end":{"line":5,"column":null}},"5":{"start":{"line":6,"column":17},"end":{"line":6,"column":null}},"6":{"start":{"line":7,"column":17},"end":{"line":7,"column":null}},"7":{"start":{"line":8,"column":17},"end":{"line":8,"column":null}},"8":{"start":{"line":9,"column":4},"end":{"line":9,"column":null}},"9":{"start":{"line":10,"column":4},"end":{"line":10,"column":null}},"10":{"start":{"line":11,"column":4},"end":{"line":11,"column":null}},"11":{"start":{"line":12,"column":4},"end":{"line":12,"column":null}},"12":{"start":{"line":14,"column":2},"end":{"line":14,"column":null}}},"fnMap":{"0":{"name":"useDownload","decl":{"start":{"line":1,"column":16},"end":{"line":1,"column":27}},"loc":{"start":{"line":1,"column":30},"end":{"line":15,"column":null}},"line":1},"1":{"name":"download","decl":{"start":{"line":2,"column":11},"end":{"line":2,"column":19}},"loc":{"start":{"line":2,"column":48},"end":{"line":13,"column":null}},"line":2}},"branchMap":{},"s":{"0":1,"1":1,"2":1,"3":1,"4":12,"5":1,"6":1,"7":1,"8":1,"9":1,"10":1,"11":1,"12":1},"f":{"0":1,"1":1},"b":{},"meta":{"lastBranch":0,"lastFunction":2,"lastStatement":13,"seen":{"f:1:16:1:27":0,"f:2:11:2:19":1,"s:3:19:3:Infinity":0,"s:4:19:4:Infinity":1,"s:5:4:5:Infinity":2,"s:5:17:5:18":3,"s:5:43:5:Infinity":4,"s:6:17:6:Infinity":5,"s:7:17:7:Infinity":6,"s:8:17:8:Infinity":7,"s:9:4:9:Infinity":8,"s:10:4:10:Infinity":9,"s:11:4:11:Infinity":10,"s:12:4:12:Infinity":11,"s:14:2:14:Infinity":12},"fnNames":{}}}
}
